<?xml version="1.0" encoding="UTF-8"?>
<!-- Generated by org.testng.reporters.JUnitReportReporter -->
<testsuite hostname="DESKTOP-LD3FSV6" name="quickacademy.RestAssuredTest" tests="2" failures="0" timestamp="24 Jul 2020 05:45:27 GMT" time="0.003" errors="0">
  <testcase name="postJira" time="0.001" classname="quickacademy.RestAssuredTest"/>
  <testcase name="deleteTwitter" time="0.002" classname="quickacademy.RestAssuredTest"/>
</testsuite> <!-- quickacademy.RestAssuredTest -->
