<?xml version="1.0" encoding="UTF-8"?>
<!-- Generated by org.testng.reporters.JUnitReportReporter -->
<testsuite hostname="DESKTOP-LD3FSV6" name="quickacademy.AppiumTest" tests="2" failures="0" timestamp="24 Jul 2020 05:45:27 GMT" time="0.038" errors="0">
  <testcase name="IOSApp" time="0.035" classname="quickacademy.AppiumTest"/>
  <testcase name="androidApp" time="0.003" classname="quickacademy.AppiumTest"/>
</testsuite> <!-- quickacademy.AppiumTest -->
