<?xml version="1.0" encoding="UTF-8"?>
<!-- Generated by org.testng.reporters.JUnitReportReporter -->
<testsuite skipped="0" hostname="DESKTOP-LD3FSV6" name="com.testing.sample.SeleniumTest" tests="2" failures="0" timestamp="2020-07-23T20:04:54 PDT" time="0.002" errors="0">
  <testcase name="browsingTesting" time="0.001" classname="com.testing.sample.SeleniumTest"/>
  <system-out/>
  <testcase name="element" time="0.001" classname="com.testing.sample.SeleniumTest"/>
  <system-out/>
</testsuite> <!-- com.testing.sample.SeleniumTest -->
