<?xml version="1.0" encoding="UTF-8"?>
<!-- Generated by org.testng.reporters.JUnitReportReporter -->
<testsuite skipped="0" hostname="DESKTOP-LD3FSV6" name="com.testing.sample.RestAssuredTest" tests="2" failures="0" timestamp="2020-07-23T20:04:54 PDT" time="0.001" errors="0">
  <testcase name="deleteTwitter" time="0.000" classname="com.testing.sample.RestAssuredTest"/>
  <system-out/>
  <testcase name="postJira" time="0.001" classname="com.testing.sample.RestAssuredTest"/>
  <system-out/>
</testsuite> <!-- com.testing.sample.RestAssuredTest -->
