<?xml version="1.0" encoding="UTF-8"?>
<!-- Generated by org.testng.reporters.JUnitReportReporter -->
<testsuite skipped="0" hostname="DESKTOP-LD3FSV6" name="com.testing.sample.AppiumTest" tests="2" failures="0" timestamp="2020-07-23T20:04:54 PDT" time="0.009" errors="0">
  <testcase name="IOSApp" time="0.009" classname="com.testing.sample.AppiumTest"/>
  <system-out/>
  <testcase name="androidApp" time="0.000" classname="com.testing.sample.AppiumTest"/>
  <system-out/>
</testsuite> <!-- com.testing.sample.AppiumTest -->
